"TracesFromEventLogMonitor";Information;50000;"TracesFromEventLogMonitor:Category: 56, New instance of CAS.OpcSvr.Da.NETServer.Server created";;;;;"2017-08-06T15:48:45.8406023Z";;
"TracesFromEventLogMonitor";Information;40200;"TracesFromEventLogMonitor:Category: 0, Configuration for: Base directory:C:\Program Files (x86)\CAS\CAS.CommServer\| AppDomain.CurrentDomain.ToString():Name:DefaultDomain
There are no context policies.
| AppDomain.CurrentDomain.SetupInformation.ConfigurationFile:C:\Program Files (x86)\CAS\CAS.CommServer\CASOpcDaWrapper.exe.Config| ConfigFilePathC:\Program Files (x86)\CAS\CAS.CommServer\";;;;;"2017-08-06T15:48:45.9206103Z";;
"CAS.Lib.CommServer";Warning;143;"CommServerComponent: The following warning(s) appeared during loading the license: Maintenance is unavailable in demo license.";;;;;"2017-08-06T15:48:46.3306513Z";;
"TracesFromEventLogMonitor";Information;30300;"TracesFromEventLogMonitor:Category: 98, Opened the license: CAS.CommServer, Version=4.2.6, Culture=neutral, PublicKeyToken=8832ff1a67ea61a3";;;;;"2017-08-06T15:48:46.3306513Z";;
"TracesFromEventLogMonitor";Information;30300;"TracesFromEventLogMonitor:Category: 130, Communication server started - product name:CAS.CommServer.ProtocolHub.Communication, Version=4.0.24.32029, Culture=neutral, PublicKeyToken=8832ff1a67ea61a3";;;;;"2017-08-06T15:48:46.3306513Z";;
"CAS.Lib.CommServer";Verbose;150;"CAS.Lib.CommServer.Channel: Creating channel: Channel0";;;;;"2017-08-06T15:48:46.6526835Z";;
"CAS.Lib.CommServer";Verbose;41;"CAS.Lib.CommServer.LicenseControl.Multichannel: Multi-channel constrain allows you to create up to 5 channels.";;;;;"2017-08-06T15:48:46.6906873Z";;
"TraceNet_to_Serial";Verbose;148;"NetworkConfiguration: Trying to find helper interface in file: C:\Program Files (x86)\CAS\CAS.CommServer\CAS.CommSvrPlugin_DemoSimulator.dll";;;;;"2017-08-06T15:48:46.6976880Z";;
"TraceNet_to_Serial";Verbose;158;"NetworkConfiguration: Checking if CAS.Lib.CommonBus.ApplicationLayer.DemoSimulator.ApplicationLayerPluginHelper implements the helper interface";;;;;"2017-08-06T15:48:46.7306913Z";;
"TraceNet_to_Serial";Verbose;158;"NetworkConfiguration: CAS.Lib.CommonBus.ApplicationLayer.DemoSimulator.ApplicationLayerPluginHelper does not implement the helper interface";;;;;"2017-08-06T15:48:46.7306913Z";;
"TraceNet_to_Serial";Verbose;158;"NetworkConfiguration: Checking if CAS.Lib.CommonBus.ApplicationLayer.DemoSimulator.DS_DataProviderID implements the helper interface";;;;;"2017-08-06T15:48:46.7306913Z";;
"TraceNet_to_Serial";Verbose;162;"NetworkConfiguration: Trying to create helper.";;;;;"2017-08-06T15:48:46.7306913Z";;
"TraceNet_to_Serial";Verbose;158;"NetworkConfiguration: CAS.Lib.CommonBus.ApplicationLayer.DemoSimulator.DS_DataProviderID has benn added to the plugins collection.";;;;;"2017-08-06T15:48:46.7336916Z";;
"TraceNet_to_Serial";Verbose;148;"NetworkConfiguration: Trying to find helper interface in file: C:\Program Files (x86)\CAS\CAS.CommServer\CAS.CommSvrPlugin_EC2-3SYM2.dll";;;;;"2017-08-06T15:48:46.7336916Z";;
"TraceNet_to_Serial";Verbose;158;"NetworkConfiguration: Checking if CAS.Lib.CommonBus.ApplicationLayer.EC2_3SYM2.EC2_3SYM2_ApplicationLayerPluginHelper implements the helper interface";;;;;"2017-08-06T15:48:46.7556938Z";;
"TraceNet_to_Serial";Verbose;158;"NetworkConfiguration: CAS.Lib.CommonBus.ApplicationLayer.EC2_3SYM2.EC2_3SYM2_ApplicationLayerPluginHelper does not implement the helper interface";;;;;"2017-08-06T15:48:46.7556938Z";;
"TraceNet_to_Serial";Verbose;158;"NetworkConfiguration: Checking if CAS.Lib.CommonBus.ApplicationLayer.EC2_3SYM2.NULL_DataProviderID implements the helper interface";;;;;"2017-08-06T15:48:46.7556938Z";;
"TraceNet_to_Serial";Verbose;162;"NetworkConfiguration: Trying to create helper.";;;;;"2017-08-06T15:48:46.7556938Z";;
"TraceNet_to_Serial";Verbose;158;"NetworkConfiguration: CAS.Lib.CommonBus.ApplicationLayer.EC2_3SYM2.NULL_DataProviderID has benn added to the plugins collection.";;;;;"2017-08-06T15:48:46.7566939Z";;
"TraceNet_to_Serial";Verbose;148;"NetworkConfiguration: Trying to find helper interface in file: C:\Program Files (x86)\CAS\CAS.CommServer\CAS.CommSvrPlugin_ExcelDDE.dll";;;;;"2017-08-06T15:48:46.7566939Z";;
"TraceNet_to_Serial";Verbose;158;"NetworkConfiguration: Checking if CAS.Lib.CommonBus.CommunicationLayer.DDE.DDECommunicationLayerDescription implements the helper interface";;;;;"2017-08-06T15:48:46.7816964Z";;
"TraceNet_to_Serial";Verbose;158;"NetworkConfiguration: CAS.Lib.CommonBus.CommunicationLayer.DDE.DDECommunicationLayerDescription does not implement the helper interface";;;;;"2017-08-06T15:48:46.7816964Z";;
"TraceNet_to_Serial";Verbose;158;"NetworkConfiguration: Checking if CAS.Lib.CommonBus.CommunicationLayer.DDE.DDECommunicationLayerID implements the helper interface";;;;;"2017-08-06T15:48:46.7816964Z";;
"TraceNet_to_Serial";Verbose;158;"NetworkConfiguration: CAS.Lib.CommonBus.CommunicationLayer.DDE.DDECommunicationLayerID does not implement the helper interface";;;;;"2017-08-06T15:48:46.7816964Z";;
"TraceNet_to_Serial";Verbose;158;"NetworkConfiguration: Checking if CAS.Lib.CommonBus.ApplicationLayer.DDEProtocolParameters implements the helper interface";;;;;"2017-08-06T15:48:46.7816964Z";;
"TraceNet_to_Serial";Verbose;158;"NetworkConfiguration: CAS.Lib.CommonBus.ApplicationLayer.DDEProtocolParameters does not implement the helper interface";;;;;"2017-08-06T15:48:46.7816964Z";;
"TraceNet_to_Serial";Verbose;158;"NetworkConfiguration: Checking if CAS.Lib.CommonBus.ApplicationLayer.DDE.DS_DataProviderID implements the helper interface";;;;;"2017-08-06T15:48:46.7816964Z";;
"TraceNet_to_Serial";Verbose;162;"NetworkConfiguration: Trying to create helper.";;;;;"2017-08-06T15:48:46.7816964Z";;
"TraceNet_to_Serial";Verbose;158;"NetworkConfiguration: CAS.Lib.CommonBus.ApplicationLayer.DDE.DS_DataProviderID has benn added to the plugins collection.";;;;;"2017-08-06T15:48:46.7836966Z";;
"TraceNet_to_Serial";Verbose;158;"NetworkConfiguration: Checking if CAS.Lib.CommonBus.ApplicationLayer.DDE.PluginHelper implements the helper interface";;;;;"2017-08-06T15:48:46.7836966Z";;
"TraceNet_to_Serial";Verbose;158;"NetworkConfiguration: CAS.Lib.CommonBus.ApplicationLayer.DDE.PluginHelper does not implement the helper interface";;;;;"2017-08-06T15:48:46.7836966Z";;
"TraceNet_to_Serial";Verbose;158;"NetworkConfiguration: Checking if CAS.Lib.CommonBus.ApplicationLayer.DDE.DS_DataProviderID+ExcelLanguageEnum implements the helper interface";;;;;"2017-08-06T15:48:46.7836966Z";;
"TraceNet_to_Serial";Verbose;158;"NetworkConfiguration: CAS.Lib.CommonBus.ApplicationLayer.DDE.DS_DataProviderID+ExcelLanguageEnum does not implement the helper interface";;;;;"2017-08-06T15:48:46.7836966Z";;
"TraceNet_to_Serial";Verbose;148;"NetworkConfiguration: Trying to find helper interface in file: C:\Program Files (x86)\CAS\CAS.CommServer\CAS.CommSvrPlugin_MBUS.dll";;;;;"2017-08-06T15:48:46.7836966Z";;
"TraceNet_to_Serial";Verbose;158;"NetworkConfiguration: Checking if CAS.Lib.CommonBus.ApplicationLayer.MBUS_ProtocolParameters implements the helper interface";;;;;"2017-08-06T15:48:46.8086991Z";;
"TraceNet_to_Serial";Verbose;158;"NetworkConfiguration: CAS.Lib.CommonBus.ApplicationLayer.MBUS_ProtocolParameters does not implement the helper interface";;;;;"2017-08-06T15:48:46.8086991Z";;
"TraceNet_to_Serial";Verbose;158;"NetworkConfiguration: Checking if CAS.Lib.CommonBus.ApplicationLayer.MBUS.MBUS_ApplicationLayerPluginHelper implements the helper interface";;;;;"2017-08-06T15:48:46.8086991Z";;
"TraceNet_to_Serial";Verbose;158;"NetworkConfiguration: CAS.Lib.CommonBus.ApplicationLayer.MBUS.MBUS_ApplicationLayerPluginHelper does not implement the helper interface";;;;;"2017-08-06T15:48:46.8086991Z";;
"TraceNet_to_Serial";Verbose;158;"NetworkConfiguration: Checking if CAS.Lib.CommonBus.ApplicationLayer.MBUS.MBUS_DataProviderID implements the helper interface";;;;;"2017-08-06T15:48:46.8086991Z";;
"TraceNet_to_Serial";Verbose;162;"NetworkConfiguration: Trying to create helper.";;;;;"2017-08-06T15:48:46.8166999Z";;
"TraceNet_to_Serial";Verbose;158;"NetworkConfiguration: CAS.Lib.CommonBus.ApplicationLayer.MBUS.MBUS_DataProviderID has benn added to the plugins collection.";;;;;"2017-08-06T15:48:46.8187001Z";;
"TraceNet_to_Serial";Verbose;148;"NetworkConfiguration: Trying to find helper interface in file: C:\Program Files (x86)\CAS\CAS.CommServer\CAS.CommSvrPlugin_MODBUSNet.dll";;;;;"2017-08-06T15:48:46.8187001Z";;
"TraceNet_to_Serial";Verbose;158;"NetworkConfiguration: Checking if CAS.Lib.CommonBus.ApplicationLayer.Modbus.ModBus_ProtocolParameters implements the helper interface";;;;;"2017-08-06T15:48:46.8867069Z";;
"TraceNet_to_Serial";Verbose;158;"NetworkConfiguration: CAS.Lib.CommonBus.ApplicationLayer.Modbus.ModBus_ProtocolParameters does not implement the helper interface";;;;;"2017-08-06T15:48:46.8867069Z";;
"TraceNet_to_Serial";Verbose;158;"NetworkConfiguration: Checking if CAS.Lib.CommonBus.ApplicationLayer.ModBus.ModBusProtocol implements the helper interface";;;;;"2017-08-06T15:48:46.8867069Z";;
"TraceNet_to_Serial";Verbose;158;"NetworkConfiguration: CAS.Lib.CommonBus.ApplicationLayer.ModBus.ModBusProtocol does not implement the helper interface";;;;;"2017-08-06T15:48:46.8867069Z";;
"TraceNet_to_Serial";Verbose;158;"NetworkConfiguration: Checking if CAS.Lib.CommonBus.ApplicationLayer.ModBus.ModBus_ApplicationLayerPluginHelper implements the helper interface";;;;;"2017-08-06T15:48:46.8867069Z";;
"TraceNet_to_Serial";Verbose;158;"NetworkConfiguration: CAS.Lib.CommonBus.ApplicationLayer.ModBus.ModBus_ApplicationLayerPluginHelper does not implement the helper interface";;;;;"2017-08-06T15:48:46.8867069Z";;
"TraceNet_to_Serial";Verbose;158;"NetworkConfiguration: Checking if CAS.Lib.CommonBus.ApplicationLayer.ModBus.ModBus_DataProviderID implements the helper interface";;;;;"2017-08-06T15:48:46.8867069Z";;
"TraceNet_to_Serial";Verbose;162;"NetworkConfiguration: Trying to create helper.";;;;;"2017-08-06T15:48:46.8867069Z";;
"TraceNet_to_Serial";Verbose;158;"NetworkConfiguration: CAS.Lib.CommonBus.ApplicationLayer.ModBus.ModBus_DataProviderID has benn added to the plugins collection.";;;;;"2017-08-06T15:48:46.8877070Z";;
"TraceNet_to_Serial";Verbose;158;"NetworkConfiguration: Checking if CAS.Lib.CommonBus.ApplicationLayer.ModBus.PRIVATE.ModBusMessage implements the helper interface";;;;;"2017-08-06T15:48:46.8877070Z";;
"TraceNet_to_Serial";Verbose;158;"NetworkConfiguration: CAS.Lib.CommonBus.ApplicationLayer.ModBus.PRIVATE.ModBusMessage does not implement the helper interface";;;;;"2017-08-06T15:48:46.8877070Z";;
"TraceNet_to_Serial";Verbose;148;"NetworkConfiguration: Trying to find helper interface in file: C:\Program Files (x86)\CAS\CAS.CommServer\CAS.CommSvrPlugin_NULLbus.dll";;;;;"2017-08-06T15:48:46.8877070Z";;
"TraceNet_to_Serial";Verbose;158;"NetworkConfiguration: Checking if CAS.Lib.CommonBus.ApplicationLayer.NULL.NULL_ApplicationLayerPluginHelper implements the helper interface";;;;;"2017-08-06T15:48:46.9137096Z";;
"TraceNet_to_Serial";Verbose;158;"NetworkConfiguration: CAS.Lib.CommonBus.ApplicationLayer.NULL.NULL_ApplicationLayerPluginHelper does not implement the helper interface";;;;;"2017-08-06T15:48:46.9137096Z";;
"TraceNet_to_Serial";Verbose;158;"NetworkConfiguration: Checking if CAS.Lib.CommonBus.ApplicationLayer.NULL.NULL_DataProviderID implements the helper interface";;;;;"2017-08-06T15:48:46.9137096Z";;
"TraceNet_to_Serial";Verbose;162;"NetworkConfiguration: Trying to create helper.";;;;;"2017-08-06T15:48:46.9137096Z";;
"TraceNet_to_Serial";Verbose;158;"NetworkConfiguration: CAS.Lib.CommonBus.ApplicationLayer.NULL.NULL_DataProviderID has benn added to the plugins collection.";;;;;"2017-08-06T15:48:46.9137096Z";;
"TraceNet_to_Serial";Verbose;148;"NetworkConfiguration: Trying to find helper interface in file: C:\Program Files (x86)\CAS\CAS.CommServer\CAS.CommSvrPlugin_SBUSNET.dll";;;;;"2017-08-06T15:48:46.9137096Z";;
"TraceNet_to_Serial";Verbose;158;"NetworkConfiguration: Checking if CAS.Lib.CommonBus.ApplicationLayer.SBUS_ProtocolParameters implements the helper interface";;;;;"2017-08-06T15:48:46.9367119Z";;
"TraceNet_to_Serial";Verbose;158;"NetworkConfiguration: CAS.Lib.CommonBus.ApplicationLayer.SBUS_ProtocolParameters does not implement the helper interface";;;;;"2017-08-06T15:48:46.9367119Z";;
"TraceNet_to_Serial";Verbose;158;"NetworkConfiguration: Checking if CAS.Lib.CommonBus.ApplicationLayer.SBUS.SBUS_ApplicationLayerPluginHelper implements the helper interface";;;;;"2017-08-06T15:48:46.9367119Z";;
"TraceNet_to_Serial";Verbose;158;"NetworkConfiguration: CAS.Lib.CommonBus.ApplicationLayer.SBUS.SBUS_ApplicationLayerPluginHelper does not implement the helper interface";;;;;"2017-08-06T15:48:46.9367119Z";;
"TraceNet_to_Serial";Verbose;158;"NetworkConfiguration: Checking if CAS.Lib.CommonBus.ApplicationLayer.SBUS.SBUS_DataProviderID implements the helper interface";;;;;"2017-08-06T15:48:46.9367119Z";;
"TraceNet_to_Serial";Verbose;162;"NetworkConfiguration: Trying to create helper.";;;;;"2017-08-06T15:48:46.9367119Z";;
"TraceNet_to_Serial";Verbose;158;"NetworkConfiguration: CAS.Lib.CommonBus.ApplicationLayer.SBUS.SBUS_DataProviderID has benn added to the plugins collection.";;;;;"2017-08-06T15:48:46.9377120Z";;
"TraceNet_to_Serial";Verbose;148;"NetworkConfiguration: Trying to find helper interface in file: C:\Program Files (x86)\CAS\CAS.CommServer\CAS.CommSvrPlugin_SBUSRS.dll";;;;;"2017-08-06T15:48:46.9377120Z";;
"TraceNet_to_Serial";Verbose;158;"NetworkConfiguration: Checking if CAS.Lib.CommonBus.ApplicationLayer.SBUS_ProtocolParameters implements the helper interface";;;;;"2017-08-06T15:48:47.0347217Z";;
"TraceNet_to_Serial";Verbose;158;"NetworkConfiguration: CAS.Lib.CommonBus.ApplicationLayer.SBUS_ProtocolParameters does not implement the helper interface";;;;;"2017-08-06T15:48:47.0347217Z";;
"TraceNet_to_Serial";Verbose;158;"NetworkConfiguration: Checking if CAS.Lib.CommonBus.ApplicationLayer.SBUS.SBUS_ApplicationLayerPluginHelper implements the helper interface";;;;;"2017-08-06T15:48:47.0347217Z";;
"TraceNet_to_Serial";Verbose;158;"NetworkConfiguration: CAS.Lib.CommonBus.ApplicationLayer.SBUS.SBUS_ApplicationLayerPluginHelper does not implement the helper interface";;;;;"2017-08-06T15:48:47.0347217Z";;
"TraceNet_to_Serial";Verbose;158;"NetworkConfiguration: Checking if CAS.Lib.CommonBus.ApplicationLayer.SBUS.SBUS_DataProviderID implements the helper interface";;;;;"2017-08-06T15:48:47.0347217Z";;
"TraceNet_to_Serial";Verbose;162;"NetworkConfiguration: Trying to create helper.";;;;;"2017-08-06T15:48:47.0347217Z";;
"TraceNet_to_Serial";Verbose;158;"NetworkConfiguration: CAS.Lib.CommonBus.ApplicationLayer.SBUS.SBUS_DataProviderID has benn added to the plugins collection.";;;;;"2017-08-06T15:48:47.0357218Z";;
"TraceNet_to_Serial";Verbose;148;"NetworkConfiguration: Trying to find helper interface in file: C:\Program Files (x86)\CAS\CAS.CommServer\CAS.CommSvrPlugin_TextReader.dll";;;;;"2017-08-06T15:48:47.0357218Z";;
"TraceNet_to_Serial";Verbose;158;"NetworkConfiguration: Checking if CAS.CommServer.DataProvider.TextReader.AssemblyTraceEvent implements the helper interface";;;;;"2017-08-06T15:48:47.0597242Z";;
"TraceNet_to_Serial";Verbose;158;"NetworkConfiguration: CAS.CommServer.DataProvider.TextReader.AssemblyTraceEvent does not implement the helper interface";;;;;"2017-08-06T15:48:47.0597242Z";;
"TraceNet_to_Serial";Verbose;158;"NetworkConfiguration: Checking if CAS.CommServer.DataProvider.TextReader.ITraceSource implements the helper interface";;;;;"2017-08-06T15:48:47.0597242Z";;
"TraceNet_to_Serial";Verbose;158;"NetworkConfiguration: CAS.CommServer.DataProvider.TextReader.ITraceSource does not implement the helper interface";;;;;"2017-08-06T15:48:47.0597242Z";;
"TraceNet_to_Serial";Verbose;158;"NetworkConfiguration: Checking if CAS.CommServer.DataProvider.TextReader.ITextReaderProtocolParameters implements the helper interface";;;;;"2017-08-06T15:48:47.0597242Z";;
"TraceNet_to_Serial";Verbose;158;"NetworkConfiguration: CAS.CommServer.DataProvider.TextReader.ITextReaderProtocolParameters does not implement the helper interface";;;;;"2017-08-06T15:48:47.0597242Z";;
"TraceNet_to_Serial";Verbose;158;"NetworkConfiguration: Checking if CAS.CommServer.DataProvider.TextReader.TextReaderApplicationLayerMaster implements the helper interface";;;;;"2017-08-06T15:48:47.0597242Z";;
"TraceNet_to_Serial";Verbose;158;"NetworkConfiguration: CAS.CommServer.DataProvider.TextReader.TextReaderApplicationLayerMaster does not implement the helper interface";;;;;"2017-08-06T15:48:47.0597242Z";;
"TraceNet_to_Serial";Verbose;158;"NetworkConfiguration: Checking if CAS.CommServer.DataProvider.TextReader.TextReaderDataProviderID implements the helper interface";;;;;"2017-08-06T15:48:47.0597242Z";;
"TraceNet_to_Serial";Verbose;162;"NetworkConfiguration: Trying to create helper.";;;;;"2017-08-06T15:48:47.0597242Z";;
"TraceNet_to_Serial";Verbose;158;"NetworkConfiguration: CAS.CommServer.DataProvider.TextReader.TextReaderDataProviderID has benn added to the plugins collection.";;;;;"2017-08-06T15:48:47.0627245Z";;
"TraceNet_to_Serial";Verbose;158;"NetworkConfiguration: Checking if CAS.CommServer.DataProvider.TextReader.TextReaderProtocolParameters implements the helper interface";;;;;"2017-08-06T15:48:47.0627245Z";;
"TraceNet_to_Serial";Verbose;158;"NetworkConfiguration: CAS.CommServer.DataProvider.TextReader.TextReaderProtocolParameters does not implement the helper interface";;;;;"2017-08-06T15:48:47.0627245Z";;
"CAS.Lib.CommServer";Verbose;60;"CAS.Lib.CommServer.Channel: Creating protocol: Protocol_Simulator";;;;;"2017-08-06T15:48:47.0657248Z";;
"CAS.Lib.CommServer";Verbose;69;"CAS.Lib.CommServer.Channel: Trying to find data provider: 5a3f5569-1ff1-4333-9a22-a2aba80902e2";;;;;"2017-08-06T15:48:47.0667249Z";;
"CAS.Lib.CommServer";Verbose;77;"CAS.Lib.CommServer.Channel: OK I have got DataProvider. Name = Simulated data DataProvider [CAS.CommSvrPlugin_DemoSimulator, Version=3.90.5.30595, Culture=neutral, PublicKeyToken=null]";;;;;"2017-08-06T15:48:47.0677250Z";;
"CAS.Lib.CommServer";Verbose;95;"CAS.Lib.CommServer.Channel: I have created the DataProvider helper object.";;;;;"2017-08-06T15:48:47.0757258Z";;
"CAS.Lib.CommServer";Verbose;58;"CAS.Lib.CommServer.LicenseControl.OTALicense: Optimal Scanning Algorithm has been activated";;;;;"2017-08-06T15:48:47.1257308Z";;
"CAS.Lib.CommServer";Verbose;315;"CAS.Lib.CommServer.Segment: Creating the segment: Protocol_Simulator/Segment0";;;;;"2017-08-06T15:48:47.1377320Z";;
"CAS.Lib.CommServer";Verbose;132;"CAS.Lib.CommServer.LicenseControl.Redundancy: Redundancy has been activated. You can use up to 2 ports per station.";;;;;"2017-08-06T15:48:47.1787361Z";;
"CAS.Lib.CommServer";Verbose;237;"CAS.Lib.CommServer.Segment: Creating port: Protocol_Simulator/Segment0/Port1";;;;;"2017-08-06T15:48:47.1797362Z";;
"CAS.Lib.CommServer";Verbose;240;"CAS.Lib.CommServer.Segment: Port: Protocol_Simulator/Segment0/Port1 has been created";;;;;"2017-08-06T15:48:47.1797362Z";;
"CAS.Lib.CommServer";Verbose;318;"CAS.Lib.CommServer.Segment: The segment Protocol_Simulator/Segment0has been created";;;;;"2017-08-06T15:48:47.1797362Z";;
"CAS.Lib.CommServer";Verbose;60;"CAS.Lib.CommServer.Channel: Creating protocol: Protocol_Simulator2";;;;;"2017-08-06T15:48:47.1807363Z";;
"CAS.Lib.CommServer";Verbose;69;"CAS.Lib.CommServer.Channel: Trying to find data provider: 5a3f5569-1ff1-4333-9a22-a2aba80902e2";;;;;"2017-08-06T15:48:47.1807363Z";;
"CAS.Lib.CommServer";Verbose;77;"CAS.Lib.CommServer.Channel: OK I have got DataProvider. Name = Simulated data DataProvider [CAS.CommSvrPlugin_DemoSimulator, Version=3.90.5.30595, Culture=neutral, PublicKeyToken=null]";;;;;"2017-08-06T15:48:47.1807363Z";;
"CAS.Lib.CommServer";Verbose;95;"CAS.Lib.CommServer.Channel: I have created the DataProvider helper object.";;;;;"2017-08-06T15:48:47.1817364Z";;
"CAS.Lib.CommServer";Verbose;315;"CAS.Lib.CommServer.Segment: Creating the segment: Protocol_Simulator2/Segment0";;;;;"2017-08-06T15:48:47.1817364Z";;
"CAS.Lib.CommServer";Verbose;237;"CAS.Lib.CommServer.Segment: Creating port: Protocol_Simulator2/Segment0/Port1";;;;;"2017-08-06T15:48:47.1817364Z";;
"CAS.Lib.CommServer";Verbose;240;"CAS.Lib.CommServer.Segment: Port: Protocol_Simulator2/Segment0/Port1 has been created";;;;;"2017-08-06T15:48:47.1817364Z";;
"CAS.Lib.CommServer";Verbose;318;"CAS.Lib.CommServer.Segment: The segment Protocol_Simulator2/Segment0has been created";;;;;"2017-08-06T15:48:47.1817364Z";;
"CAS.Lib.CommServer";Verbose;203;"CAS.Lib.CommServer.Channel: Channel: Channel0 has been created.";;;;;"2017-08-06T15:48:47.1817364Z";;
"System.Net.Sockets";Verbose;0;"[1112] DNS::GetHostEntry(CASMP2)";;;;;"2017-08-06T15:48:47.2367419Z";;
"System.Net.Sockets";Verbose;0;"[1112] DNS::GetHostByName(CASMP2)";;;;;"2017-08-06T15:48:47.2367419Z";;
"System.Net.Sockets";Verbose;0;"[1112] Exiting DNS::GetHostByName() 	-> IPHostEntry#31470215";;;;;"2017-08-06T15:48:47.2407423Z";;
"System.Net.Sockets";Verbose;0;"[1112] Exiting DNS::GetHostEntry() 	-> IPHostEntry#31470215";;;;;"2017-08-06T15:48:47.2407423Z";;
"System.Net.Sockets";Verbose;0;"[1112] DNS::GetHostEntry(CASMP2.hq.cas.com.pl)";;;;;"2017-08-06T15:48:47.2407423Z";;
"System.Net.Sockets";Verbose;0;"[1112] DNS::GetHostByName(CASMP2.hq.cas.com.pl)";;;;;"2017-08-06T15:48:47.2407423Z";;
"System.Net.Sockets";Verbose;0;"[1112] Exiting DNS::GetHostByName() 	-> IPHostEntry#14796483";;;;;"2017-08-06T15:48:47.2437426Z";;
"System.Net.Sockets";Verbose;0;"[1112] Exiting DNS::GetHostEntry() 	-> IPHostEntry#14796483";;;;;"2017-08-06T15:48:47.2437426Z";;
"System.Net.Sockets";Verbose;0;"[1112] ExclusiveTcpListener#66059488::TcpListener(0.0.0.0#0)";;;;;"2017-08-06T15:48:47.2437426Z";;
"System.Net.Sockets";Verbose;0;"[1112] Socket#57664488::Socket(AddressFamily#2)";;;;;"2017-08-06T15:48:47.2437426Z";;
"System.Net.Sockets";Verbose;0;"[1112] Exiting Socket#57664488::Socket() ";;;;;"2017-08-06T15:48:47.2447427Z";;
"System.Net.Sockets";Verbose;0;"[1112] Exiting ExclusiveTcpListener#66059488::TcpListener() ";;;;;"2017-08-06T15:48:47.2447427Z";;
"System.Net.Sockets";Verbose;0;"[1112] ExclusiveTcpListener#66059488::Start()";;;;;"2017-08-06T15:48:47.2447427Z";;
"System.Net.Sockets";Verbose;0;"[1112] Socket#57664488::Bind(0.0.0.0:5757#5757)";;;;;"2017-08-06T15:48:47.2447427Z";;
"System.Net.Sockets";Verbose;0;"[1112] Exiting Socket#57664488::Bind() ";;;;;"2017-08-06T15:48:47.2447427Z";;
"System.Net.Sockets";Verbose;0;"[1112] Socket#57664488::Listen(Int32#2147483647)";;;;;"2017-08-06T15:48:47.2447427Z";;
"System.Net.Sockets";Verbose;0;"[1112] Exiting Socket#57664488::Listen() ";;;;;"2017-08-06T15:48:47.2447427Z";;
"System.Net.Sockets";Verbose;0;"[1112] Exiting ExclusiveTcpListener#66059488::Start() ";;;;;"2017-08-06T15:48:47.2447427Z";;
"System.Net.Sockets";Verbose;0;"[1112] ExclusiveTcpListener#66059488::BeginAcceptSocket()";;;;;"2017-08-06T15:48:47.2447427Z";;
"System.Net.Sockets";Verbose;0;"[1112] Socket#57664488::BeginAccept()";;;;;"2017-08-06T15:48:47.2447427Z";;
"System.Net.Sockets";Verbose;0;"[1112] Exiting Socket#57664488::BeginAccept() 	-> AcceptAsyncResult#49218346";;;;;"2017-08-06T15:48:47.2447427Z";;
"System.Net.Sockets";Verbose;0;"[1112] Exiting ExclusiveTcpListener#66059488::BeginAcceptSocket() ";;;;;"2017-08-06T15:48:47.2447427Z";;
"TracesFromEventLogMonitor";Information;30300;"TracesFromEventLogMonitor:Category: 139, Initiated 24 tags, The license allows you to add 26 more tags. ";;;;;"2017-08-06T15:48:47.2467429Z";;
"TracesFromEventLogMonitor";Warning;30300;"TracesFromEventLogMonitor:Category: 145, Runtime of the product is constrained up to 2 hours.";;;;;"2017-08-06T15:48:47.2467429Z";;
"TraceNet_to_Serial";Verbose;98;"Not set: 0ConnectReq: Attempt to connect to: no address";;;;;"2017-08-06T15:48:47.6857868Z";;
"TraceNet_to_Serial";Verbose;100;"Not set: 0ConnectReq: connected to: no address";;;;;"2017-08-06T15:48:47.6857868Z";;
"CAS.Lib.CommServer";Verbose;37;"CAS.CommServer.ProtocolHub.Communication.BaseStation.Segment[Protocol_Simulator/Segment0]: State = StateKeepConnection, At = 00:00:01.0643753 entered.";;;;;"2017-08-06T15:48:47.7147897Z";;
"CAS.Lib.CommServer";Verbose;37;"CAS.CommServer.ProtocolHub.Communication.BaseStation.Segment[Protocol_Simulator/Segment0]: State = StateConnected, At = 00:00:01.1708721 entered.";;;;;"2017-08-06T15:48:47.8208003Z";;
"TraceUMessage";Verbose;468;"TraceUMessage:UMessageCreated";;;;;"2017-08-06T15:48:48.2038386Z";;
"CAS.Lib.CommServer";Verbose;37;"CAS.CommServer.ProtocolHub.Communication.BaseStation.Segment[Protocol_Simulator/Segment0]: State = StateDisconnected, At = 00:00:01.5732440 entered.";;;;;"2017-08-06T15:48:48.2238406Z";;
"TraceNet_to_Serial";Verbose;98;"Not set: 1ConnectReq: Attempt to connect to: 192.168.0.1:2101";;;;;"2017-08-06T15:48:48.2238406Z";;
"TraceNet_to_Serial";Verbose;100;"Not set: 1ConnectReq: connected to: 192.168.0.1:2101";;;;;"2017-08-06T15:48:48.2238406Z";;
"CAS.Lib.CommServer";Verbose;37;"CAS.CommServer.ProtocolHub.Communication.BaseStation.Segment[Protocol_Simulator2/Segment0]: State = StateKeepConnection, At = 00:00:01.5734177 entered.";;;;;"2017-08-06T15:48:48.2238406Z";;
"TraceUMessage";Verbose;468;"TraceUMessage:UMessageCreated";;;;;"2017-08-06T15:48:48.2238406Z";;
"CAS.Lib.CommServer";Verbose;37;"CAS.CommServer.ProtocolHub.Communication.BaseStation.Segment[Protocol_Simulator2/Segment0]: State = StateConnected, At = 00:00:01.6712577 entered.";;;;;"2017-08-06T15:48:48.3218504Z";;
"CAS.Lib.CommServer";Verbose;37;"CAS.CommServer.ProtocolHub.Communication.BaseStation.Segment[Protocol_Simulator2/Segment0]: State = StateDisconnected, At = 00:00:02.5593912 entered.";;;;;"2017-08-06T15:48:49.2099392Z";;
"TraceNet_to_Serial";Verbose;98;"Not set: 0ConnectReq: Attempt to connect to: no address";;;;;"2017-08-06T15:48:49.2099392Z";;
"TraceNet_to_Serial";Verbose;100;"Not set: 0ConnectReq: connected to: no address";;;;;"2017-08-06T15:48:49.2099392Z";;
"CAS.Lib.CommServer";Verbose;37;"CAS.CommServer.ProtocolHub.Communication.BaseStation.Segment[Protocol_Simulator/Segment0]: State = StateKeepConnection, At = 00:00:02.5595379 entered.";;;;;"2017-08-06T15:48:49.2099392Z";;
"CAS.Lib.CommServer";Verbose;37;"CAS.CommServer.ProtocolHub.Communication.BaseStation.Segment[Protocol_Simulator/Segment0]: State = StateConnected, At = 00:00:02.6664428 entered.";;;;;"2017-08-06T15:48:49.3169499Z";;
"CAS.Lib.CommServer";Verbose;37;"CAS.CommServer.ProtocolHub.Communication.BaseStation.Segment[Protocol_Simulator/Segment0]: State = StateDisconnected, At = 00:00:03.5856837 entered.";;;;;"2017-08-06T15:48:50.2360418Z";;
"TraceNet_to_Serial";Verbose;98;"Not set: 1ConnectReq: Attempt to connect to: 192.168.0.1:2101";;;;;"2017-08-06T15:48:50.2360418Z";;
"TraceNet_to_Serial";Verbose;100;"Not set: 1ConnectReq: connected to: 192.168.0.1:2101";;;;;"2017-08-06T15:48:50.2360418Z";;
"CAS.Lib.CommServer";Verbose;37;"CAS.CommServer.ProtocolHub.Communication.BaseStation.Segment[Protocol_Simulator2/Segment0]: State = StateKeepConnection, At = 00:00:03.5858304 entered.";;;;;"2017-08-06T15:48:50.2360418Z";;
"CAS.Lib.CommServer";Verbose;37;"CAS.CommServer.ProtocolHub.Communication.BaseStation.Segment[Protocol_Simulator2/Segment0]: State = StateConnected, At = 00:00:03.6929431 entered.";;;;;"2017-08-06T15:48:50.3430525Z";;
"CAS.Lib.CommServer";Verbose;37;"CAS.CommServer.ProtocolHub.Communication.BaseStation.Segment[Protocol_Simulator2/Segment0]: State = StateDisconnected, At = 00:00:04.5994784 entered.";;;;;"2017-08-06T15:48:51.2501432Z";;
"TraceNet_to_Serial";Verbose;98;"Not set: 0ConnectReq: Attempt to connect to: no address";;;;;"2017-08-06T15:48:51.2501432Z";;
"TraceNet_to_Serial";Verbose;100;"Not set: 0ConnectReq: connected to: no address";;;;;"2017-08-06T15:48:51.2501432Z";;
"CAS.Lib.CommServer";Verbose;37;"CAS.CommServer.ProtocolHub.Communication.BaseStation.Segment[Protocol_Simulator/Segment0]: State = StateKeepConnection, At = 00:00:04.5996170 entered.";;;;;"2017-08-06T15:48:51.2501432Z";;
"CAS.Lib.CommServer";Verbose;37;"CAS.CommServer.ProtocolHub.Communication.BaseStation.Segment[Protocol_Simulator/Segment0]: State = StateConnected, At = 00:00:04.6994361 entered.";;;;;"2017-08-06T15:48:51.3501532Z";;
"CAS.Lib.CommServer";Verbose;37;"CAS.CommServer.ProtocolHub.Communication.BaseStation.Segment[Protocol_Simulator/Segment0]: State = StateDisconnected, At = 00:00:05.6061202 entered.";;;;;"2017-08-06T15:48:52.2562438Z";;
"TraceNet_to_Serial";Verbose;98;"Not set: 1ConnectReq: Attempt to connect to: 192.168.0.1:2101";;;;;"2017-08-06T15:48:52.2562438Z";;
"TraceNet_to_Serial";Verbose;100;"Not set: 1ConnectReq: connected to: 192.168.0.1:2101";;;;;"2017-08-06T15:48:52.2562438Z";;
"CAS.Lib.CommServer";Verbose;37;"CAS.CommServer.ProtocolHub.Communication.BaseStation.Segment[Protocol_Simulator2/Segment0]: State = StateKeepConnection, At = 00:00:05.6062540 entered.";;;;;"2017-08-06T15:48:52.2562438Z";;
"CAS.Lib.CommServer";Verbose;37;"CAS.CommServer.ProtocolHub.Communication.BaseStation.Segment[Protocol_Simulator2/Segment0]: State = StateConnected, At = 00:00:05.7684929 entered.";;;;;"2017-08-06T15:48:52.4192601Z";;
"CAS.Lib.CommServer";Verbose;37;"CAS.CommServer.ProtocolHub.Communication.BaseStation.Segment[Protocol_Simulator2/Segment0]: State = StateDisconnected, At = 00:00:06.6308976 entered.";;;;;"2017-08-06T15:48:53.2813463Z";;
"TraceNet_to_Serial";Verbose;98;"Not set: 0ConnectReq: Attempt to connect to: no address";;;;;"2017-08-06T15:48:53.2813463Z";;
"TraceNet_to_Serial";Verbose;100;"Not set: 0ConnectReq: connected to: no address";;;;;"2017-08-06T15:48:53.2813463Z";;
"CAS.Lib.CommServer";Verbose;37;"CAS.CommServer.ProtocolHub.Communication.BaseStation.Segment[Protocol_Simulator/Segment0]: State = StateKeepConnection, At = 00:00:06.6310645 entered.";;;;;"2017-08-06T15:48:53.2813463Z";;
"CAS.Lib.CommServer";Verbose;37;"CAS.CommServer.ProtocolHub.Communication.BaseStation.Segment[Protocol_Simulator/Segment0]: State = StateConnected, At = 00:00:06.7496827 entered.";;;;;"2017-08-06T15:48:53.4003582Z";;
"CAS.Lib.CommServer";Verbose;37;"CAS.CommServer.ProtocolHub.Communication.BaseStation.Segment[Protocol_Simulator/Segment0]: State = StateDisconnected, At = 00:00:07.6506382 entered.";;;;;"2017-08-06T15:48:54.3014483Z";;
"TraceNet_to_Serial";Verbose;98;"Not set: 1ConnectReq: Attempt to connect to: 192.168.0.1:2101";;;;;"2017-08-06T15:48:54.3014483Z";;
"TraceNet_to_Serial";Verbose;100;"Not set: 1ConnectReq: connected to: 192.168.0.1:2101";;;;;"2017-08-06T15:48:54.3014483Z";;
"CAS.Lib.CommServer";Verbose;37;"CAS.CommServer.ProtocolHub.Communication.BaseStation.Segment[Protocol_Simulator2/Segment0]: State = StateKeepConnection, At = 00:00:07.6507823 entered.";;;;;"2017-08-06T15:48:54.3014483Z";;
"CAS.Lib.CommServer";Verbose;37;"CAS.CommServer.ProtocolHub.Communication.BaseStation.Segment[Protocol_Simulator2/Segment0]: State = StateConnected, At = 00:00:07.7879743 entered.";;;;;"2017-08-06T15:48:54.4384620Z";;
"CAS.Lib.CommServer";Verbose;37;"CAS.CommServer.ProtocolHub.Communication.BaseStation.Segment[Protocol_Simulator2/Segment0]: State = StateDisconnected, At = 00:00:08.7606595 entered.";;;;;"2017-08-06T15:48:55.4115593Z";;
"TraceNet_to_Serial";Verbose;98;"Not set: 0ConnectReq: Attempt to connect to: no address";;;;;"2017-08-06T15:48:55.4115593Z";;
"TraceNet_to_Serial";Verbose;100;"Not set: 0ConnectReq: connected to: no address";;;;;"2017-08-06T15:48:55.4115593Z";;
"CAS.Lib.CommServer";Verbose;37;"CAS.CommServer.ProtocolHub.Communication.BaseStation.Segment[Protocol_Simulator/Segment0]: State = StateKeepConnection, At = 00:00:08.7609191 entered.";;;;;"2017-08-06T15:48:55.4115593Z";;
"CAS.Lib.CommServer";Verbose;37;"CAS.CommServer.ProtocolHub.Communication.BaseStation.Segment[Protocol_Simulator/Segment0]: State = StateConnected, At = 00:00:08.8773696 entered.";;;;;"2017-08-06T15:48:55.5275709Z";;
"CAS.Lib.CommServer";Verbose;37;"CAS.CommServer.ProtocolHub.Communication.BaseStation.Segment[Protocol_Simulator/Segment0]: State = StateDisconnected, At = 00:00:09.8038759 entered.";;;;;"2017-08-06T15:48:56.4546636Z";;
"TraceNet_to_Serial";Verbose;98;"Not set: 1ConnectReq: Attempt to connect to: 192.168.0.1:2101";;;;;"2017-08-06T15:48:56.4546636Z";;
"TraceNet_to_Serial";Verbose;100;"Not set: 1ConnectReq: connected to: 192.168.0.1:2101";;;;;"2017-08-06T15:48:56.4546636Z";;
"CAS.Lib.CommServer";Verbose;37;"CAS.CommServer.ProtocolHub.Communication.BaseStation.Segment[Protocol_Simulator2/Segment0]: State = StateKeepConnection, At = 00:00:09.8040295 entered.";;;;;"2017-08-06T15:48:56.4546636Z";;
"CAS.Lib.CommServer";Verbose;37;"CAS.CommServer.ProtocolHub.Communication.BaseStation.Segment[Protocol_Simulator2/Segment0]: State = StateConnected, At = 00:00:09.9047237 entered.";;;;;"2017-08-06T15:48:56.5556737Z";;
"CAS.Lib.CommServer";Verbose;37;"CAS.CommServer.ProtocolHub.Communication.BaseStation.Segment[Protocol_Simulator2/Segment0]: State = StateDisconnected, At = 00:00:10.7682560 entered.";;;;;"2017-08-06T15:48:57.4187600Z";;
"TraceNet_to_Serial";Verbose;98;"Not set: 0ConnectReq: Attempt to connect to: no address";;;;;"2017-08-06T15:48:57.4187600Z";;
"TraceNet_to_Serial";Verbose;100;"Not set: 0ConnectReq: connected to: no address";;;;;"2017-08-06T15:48:57.4187600Z";;
"CAS.Lib.CommServer";Verbose;37;"CAS.CommServer.ProtocolHub.Communication.BaseStation.Segment[Protocol_Simulator/Segment0]: State = StateKeepConnection, At = 00:00:10.7684031 entered.";;;;;"2017-08-06T15:48:57.4187600Z";;
"CAS.Lib.CommServer";Verbose;37;"CAS.CommServer.ProtocolHub.Communication.BaseStation.Segment[Protocol_Simulator/Segment0]: State = StateConnected, At = 00:00:10.8757733 entered.";;;;;"2017-08-06T15:48:57.5267708Z";;
"CAS.Lib.CommServer";Verbose;37;"CAS.CommServer.ProtocolHub.Communication.BaseStation.Segment[Protocol_Simulator/Segment0]: State = StateDisconnected, At = 00:00:11.7948953 entered.";;;;;"2017-08-06T15:48:58.4458627Z";;
"TraceNet_to_Serial";Verbose;98;"Not set: 1ConnectReq: Attempt to connect to: 192.168.0.1:2101";;;;;"2017-08-06T15:48:58.4458627Z";;
"TraceNet_to_Serial";Verbose;100;"Not set: 1ConnectReq: connected to: 192.168.0.1:2101";;;;;"2017-08-06T15:48:58.4458627Z";;
"CAS.Lib.CommServer";Verbose;37;"CAS.CommServer.ProtocolHub.Communication.BaseStation.Segment[Protocol_Simulator2/Segment0]: State = StateKeepConnection, At = 00:00:11.7950309 entered.";;;;;"2017-08-06T15:48:58.4458627Z";;
"CAS.Lib.CommServer";Verbose;37;"CAS.CommServer.ProtocolHub.Communication.BaseStation.Segment[Protocol_Simulator2/Segment0]: State = StateConnected, At = 00:00:11.9048568 entered.";;;;;"2017-08-06T15:48:58.5558737Z";;
"CAS.Lib.CommServer";Verbose;37;"CAS.CommServer.ProtocolHub.Communication.BaseStation.Segment[Protocol_Simulator2/Segment0]: State = StateDisconnected, At = 00:00:12.8911656 entered.";;;;;"2017-08-06T15:48:59.5419723Z";;
"TraceNet_to_Serial";Verbose;98;"Not set: 0ConnectReq: Attempt to connect to: no address";;;;;"2017-08-06T15:48:59.5419723Z";;
"TraceNet_to_Serial";Verbose;100;"Not set: 0ConnectReq: connected to: no address";;;;;"2017-08-06T15:48:59.5419723Z";;
"CAS.Lib.CommServer";Verbose;37;"CAS.CommServer.ProtocolHub.Communication.BaseStation.Segment[Protocol_Simulator/Segment0]: State = StateKeepConnection, At = 00:00:12.8913110 entered.";;;;;"2017-08-06T15:48:59.5419723Z";;
"CAS.Lib.CommServer";Information;116;"CAS.CommServer.ProtocolHub.Communication.BaseStation.Segment[Protocol_Simulator/Segment0]: AL_ReadData_Result.ALRes_DatTransferErrr occurred during myMachine.myProtocol.ReadData in SegmentStateMachine (interface: number 0 address 0), At = 00:00:12.9379690";;;;;"2017-08-06T15:48:59.5889770Z";;
"CAS.Lib.CommServer";Verbose;37;"CAS.CommServer.ProtocolHub.Communication.BaseStation.Segment[Protocol_Simulator/Segment0]: State = StateConnected, At = 00:00:12.9938945 entered.";;;;;"2017-08-06T15:48:59.6449826Z";;
"CAS.Lib.CommServer";Verbose;37;"CAS.CommServer.ProtocolHub.Communication.BaseStation.Segment[Protocol_Simulator/Segment0]: State = StateDisconnected, At = 00:00:13.8990358 entered.";;;;;"2017-08-06T15:49:00.5500731Z";;
"TraceNet_to_Serial";Verbose;98;"Not set: 1ConnectReq: Attempt to connect to: 192.168.0.1:2101";;;;;"2017-08-06T15:49:00.5500731Z";;
"TraceNet_to_Serial";Verbose;100;"Not set: 1ConnectReq: connected to: 192.168.0.1:2101";;;;;"2017-08-06T15:49:00.5500731Z";;
"CAS.Lib.CommServer";Verbose;37;"CAS.CommServer.ProtocolHub.Communication.BaseStation.Segment[Protocol_Simulator2/Segment0]: State = StateKeepConnection, At = 00:00:13.8991800 entered.";;;;;"2017-08-06T15:49:00.5500731Z";;
"CAS.Lib.CommServer";Verbose;37;"CAS.CommServer.ProtocolHub.Communication.BaseStation.Segment[Protocol_Simulator2/Segment0]: State = StateConnected, At = 00:00:14.0089690 entered.";;;;;"2017-08-06T15:49:00.6600841Z";;
"CAS.Lib.CommServer";Verbose;37;"CAS.CommServer.ProtocolHub.Communication.BaseStation.Segment[Protocol_Simulator2/Segment0]: State = StateDisconnected, At = 00:00:14.8992227 entered.";;;;;"2017-08-06T15:49:01.5501731Z";;
"TraceNet_to_Serial";Verbose;98;"Not set: 0ConnectReq: Attempt to connect to: no address";;;;;"2017-08-06T15:49:01.5501731Z";;
"TraceNet_to_Serial";Verbose;100;"Not set: 0ConnectReq: connected to: no address";;;;;"2017-08-06T15:49:01.5501731Z";;
"CAS.Lib.CommServer";Verbose;37;"CAS.CommServer.ProtocolHub.Communication.BaseStation.Segment[Protocol_Simulator/Segment0]: State = StateKeepConnection, At = 00:00:14.8993707 entered.";;;;;"2017-08-06T15:49:01.5501731Z";;
"CAS.Lib.CommServer";Verbose;37;"CAS.CommServer.ProtocolHub.Communication.BaseStation.Segment[Protocol_Simulator/Segment0]: State = StateConnected, At = 00:00:15.0061113 entered.";;;;;"2017-08-06T15:49:01.6571838Z";;
"CAS.Lib.CommServer";Verbose;37;"CAS.CommServer.ProtocolHub.Communication.BaseStation.Segment[Protocol_Simulator/Segment0]: State = StateDisconnected, At = 00:00:15.9370951 entered.";;;;;"2017-08-06T15:49:02.5882769Z";;
"TraceNet_to_Serial";Verbose;98;"Not set: 1ConnectReq: Attempt to connect to: 192.168.0.1:2101";;;;;"2017-08-06T15:49:02.5882769Z";;
"TraceNet_to_Serial";Verbose;100;"Not set: 1ConnectReq: connected to: 192.168.0.1:2101";;;;;"2017-08-06T15:49:02.5882769Z";;
"CAS.Lib.CommServer";Verbose;37;"CAS.CommServer.ProtocolHub.Communication.BaseStation.Segment[Protocol_Simulator2/Segment0]: State = StateKeepConnection, At = 00:00:15.9372384 entered.";;;;;"2017-08-06T15:49:02.5882769Z";;
"CAS.Lib.CommServer";Verbose;37;"CAS.CommServer.ProtocolHub.Communication.BaseStation.Segment[Protocol_Simulator2/Segment0]: State = StateConnected, At = 00:00:16.0370665 entered.";;;;;"2017-08-06T15:49:02.6882869Z";;
"CAS.Lib.CommServer";Verbose;37;"CAS.CommServer.ProtocolHub.Communication.BaseStation.Segment[Protocol_Simulator2/Segment0]: State = StateDisconnected, At = 00:00:16.9271834 entered.";;;;;"2017-08-06T15:49:03.5783759Z";;
"TraceNet_to_Serial";Verbose;98;"Not set: 0ConnectReq: Attempt to connect to: no address";;;;;"2017-08-06T15:49:03.5783759Z";;
"TraceNet_to_Serial";Verbose;100;"Not set: 0ConnectReq: connected to: no address";;;;;"2017-08-06T15:49:03.5783759Z";;
"CAS.Lib.CommServer";Verbose;37;"CAS.CommServer.ProtocolHub.Communication.BaseStation.Segment[Protocol_Simulator/Segment0]: State = StateKeepConnection, At = 00:00:16.9273215 entered.";;;;;"2017-08-06T15:49:03.5783759Z";;
"CAS.Lib.CommServer";Verbose;37;"CAS.CommServer.ProtocolHub.Communication.BaseStation.Segment[Protocol_Simulator/Segment0]: State = StateConnected, At = 00:00:17.0391406 entered.";;;;;"2017-08-06T15:49:03.6903871Z";;
"CAS.Lib.CommServer";Verbose;37;"CAS.CommServer.ProtocolHub.Communication.BaseStation.Segment[Protocol_Simulator/Segment0]: State = StateDisconnected, At = 00:00:17.9692206 entered.";;;;;"2017-08-06T15:49:04.6204801Z";;
"TraceNet_to_Serial";Verbose;98;"Not set: 1ConnectReq: Attempt to connect to: 192.168.0.1:2101";;;;;"2017-08-06T15:49:04.6204801Z";;
"TraceNet_to_Serial";Verbose;100;"Not set: 1ConnectReq: connected to: 192.168.0.1:2101";;;;;"2017-08-06T15:49:04.6204801Z";;
"CAS.Lib.CommServer";Verbose;37;"CAS.CommServer.ProtocolHub.Communication.BaseStation.Segment[Protocol_Simulator2/Segment0]: State = StateKeepConnection, At = 00:00:17.9693626 entered.";;;;;"2017-08-06T15:49:04.6204801Z";;
"CAS.Lib.CommServer";Verbose;37;"CAS.CommServer.ProtocolHub.Communication.BaseStation.Segment[Protocol_Simulator2/Segment0]: State = StateConnected, At = 00:00:18.0631828 entered.";;;;;"2017-08-06T15:49:04.7144895Z";;
"CAS.Lib.CommServer";Verbose;37;"CAS.CommServer.ProtocolHub.Communication.BaseStation.Segment[Protocol_Simulator2/Segment0]: State = StateDisconnected, At = 00:00:18.9852976 entered.";;;;;"2017-08-06T15:49:05.6365817Z";;
"TraceNet_to_Serial";Verbose;98;"Not set: 0ConnectReq: Attempt to connect to: no address";;;;;"2017-08-06T15:49:05.6365817Z";;
"TraceNet_to_Serial";Verbose;100;"Not set: 0ConnectReq: connected to: no address";;;;;"2017-08-06T15:49:05.6365817Z";;
"CAS.Lib.CommServer";Verbose;37;"CAS.CommServer.ProtocolHub.Communication.BaseStation.Segment[Protocol_Simulator/Segment0]: State = StateKeepConnection, At = 00:00:18.9854422 entered.";;;;;"2017-08-06T15:49:05.6365817Z";;
"CAS.Lib.CommServer";Verbose;37;"CAS.CommServer.ProtocolHub.Communication.BaseStation.Segment[Protocol_Simulator/Segment0]: State = StateConnected, At = 00:00:19.0972591 entered.";;;;;"2017-08-06T15:49:05.7485929Z";;
"CAS.Lib.CommServer";Verbose;37;"CAS.CommServer.ProtocolHub.Communication.BaseStation.Segment[Protocol_Simulator/Segment0]: State = StateDisconnected, At = 00:00:20.0233796 entered.";;;;;"2017-08-06T15:49:06.6746855Z";;
"TraceNet_to_Serial";Verbose;98;"Not set: 1ConnectReq: Attempt to connect to: 192.168.0.1:2101";;;;;"2017-08-06T15:49:06.6746855Z";;
"TraceNet_to_Serial";Verbose;100;"Not set: 1ConnectReq: connected to: 192.168.0.1:2101";;;;;"2017-08-06T15:49:06.6746855Z";;
"CAS.Lib.CommServer";Verbose;37;"CAS.CommServer.ProtocolHub.Communication.BaseStation.Segment[Protocol_Simulator2/Segment0]: State = StateKeepConnection, At = 00:00:20.0235186 entered.";;;;;"2017-08-06T15:49:06.6746855Z";;
"CAS.Lib.CommServer";Verbose;37;"CAS.CommServer.ProtocolHub.Communication.BaseStation.Segment[Protocol_Simulator2/Segment0]: State = StateConnected, At = 00:00:20.1282891 entered.";;;;;"2017-08-06T15:49:06.7796960Z";;
"CAS.Lib.CommServer";Verbose;37;"CAS.CommServer.ProtocolHub.Communication.BaseStation.Segment[Protocol_Simulator2/Segment0]: State = StateDisconnected, At = 00:00:21.0454380 entered.";;;;;"2017-08-06T15:49:07.6967877Z";;
"TraceNet_to_Serial";Verbose;98;"Not set: 0ConnectReq: Attempt to connect to: no address";;;;;"2017-08-06T15:49:07.6967877Z";;
"TraceNet_to_Serial";Verbose;100;"Not set: 0ConnectReq: connected to: no address";;;;;"2017-08-06T15:49:07.6967877Z";;
"CAS.Lib.CommServer";Verbose;37;"CAS.CommServer.ProtocolHub.Communication.BaseStation.Segment[Protocol_Simulator/Segment0]: State = StateKeepConnection, At = 00:00:21.0455869 entered.";;;;;"2017-08-06T15:49:07.6967877Z";;
"CAS.Lib.CommServer";Verbose;37;"CAS.CommServer.ProtocolHub.Communication.BaseStation.Segment[Protocol_Simulator/Segment0]: State = StateConnected, At = 00:00:21.1553627 entered.";;;;;"2017-08-06T15:49:07.8067987Z";;
"CAS.Lib.CommServer";Verbose;37;"CAS.CommServer.ProtocolHub.Communication.BaseStation.Segment[Protocol_Simulator/Segment0]: State = StateDisconnected, At = 00:00:22.0514258 entered.";;;;;"2017-08-06T15:49:08.7028883Z";;
"TraceNet_to_Serial";Verbose;98;"Not set: 1ConnectReq: Attempt to connect to: 192.168.0.1:2101";;;;;"2017-08-06T15:49:08.7028883Z";;
"TraceNet_to_Serial";Verbose;100;"Not set: 1ConnectReq: connected to: 192.168.0.1:2101";;;;;"2017-08-06T15:49:08.7028883Z";;
"CAS.Lib.CommServer";Verbose;37;"CAS.CommServer.ProtocolHub.Communication.BaseStation.Segment[Protocol_Simulator2/Segment0]: State = StateKeepConnection, At = 00:00:22.0515712 entered.";;;;;"2017-08-06T15:49:08.7028883Z";;
"CAS.Lib.CommServer";Verbose;37;"CAS.CommServer.ProtocolHub.Communication.BaseStation.Segment[Protocol_Simulator2/Segment0]: State = StateConnected, At = 00:00:22.1554131 entered.";;;;;"2017-08-06T15:49:08.8068987Z";;
"CAS.Lib.CommServer";Verbose;37;"CAS.CommServer.ProtocolHub.Communication.BaseStation.Segment[Protocol_Simulator2/Segment0]: State = StateDisconnected, At = 00:00:23.0725817 entered.";;;;;"2017-08-06T15:49:09.7239904Z";;
"TraceNet_to_Serial";Verbose;98;"Not set: 0ConnectReq: Attempt to connect to: no address";;;;;"2017-08-06T15:49:09.7239904Z";;
"TraceNet_to_Serial";Verbose;100;"Not set: 0ConnectReq: connected to: no address";;;;;"2017-08-06T15:49:09.7239904Z";;
"CAS.Lib.CommServer";Verbose;37;"CAS.CommServer.ProtocolHub.Communication.BaseStation.Segment[Protocol_Simulator/Segment0]: State = StateKeepConnection, At = 00:00:23.0727276 entered.";;;;;"2017-08-06T15:49:09.7239904Z";;
"CAS.Lib.CommServer";Verbose;37;"CAS.CommServer.ProtocolHub.Communication.BaseStation.Segment[Protocol_Simulator/Segment0]: State = StateConnected, At = 00:00:23.1865321 entered.";;;;;"2017-08-06T15:49:09.8380018Z";;
"CAS.Lib.CommServer";Verbose;37;"CAS.CommServer.ProtocolHub.Communication.BaseStation.Segment[Protocol_Simulator/Segment0]: State = StateDisconnected, At = 00:00:24.0880860 entered.";;;;;"2017-08-06T15:49:10.7390919Z";;
"TraceNet_to_Serial";Verbose;98;"Not set: 1ConnectReq: Attempt to connect to: 192.168.0.1:2101";;;;;"2017-08-06T15:49:10.7390919Z";;
"TraceNet_to_Serial";Verbose;100;"Not set: 1ConnectReq: connected to: 192.168.0.1:2101";;;;;"2017-08-06T15:49:10.7390919Z";;
"CAS.Lib.CommServer";Verbose;37;"CAS.CommServer.ProtocolHub.Communication.BaseStation.Segment[Protocol_Simulator2/Segment0]: State = StateKeepConnection, At = 00:00:24.0882362 entered.";;;;;"2017-08-06T15:49:10.7390919Z";;
"CAS.Lib.CommServer";Verbose;37;"CAS.CommServer.ProtocolHub.Communication.BaseStation.Segment[Protocol_Simulator2/Segment0]: State = StateConnected, At = 00:00:24.1955431 entered.";;;;;"2017-08-06T15:49:10.8471027Z";;
"CAS.Lib.CommServer";Verbose;37;"CAS.CommServer.ProtocolHub.Communication.BaseStation.Segment[Protocol_Simulator2/Segment0]: State = StateDisconnected, At = 00:00:25.1006839 entered.";;;;;"2017-08-06T15:49:11.7521932Z";;
"TraceNet_to_Serial";Verbose;98;"Not set: 0ConnectReq: Attempt to connect to: no address";;;;;"2017-08-06T15:49:11.7521932Z";;
"TraceNet_to_Serial";Verbose;100;"Not set: 0ConnectReq: connected to: no address";;;;;"2017-08-06T15:49:11.7521932Z";;
"CAS.Lib.CommServer";Verbose;37;"CAS.CommServer.ProtocolHub.Communication.BaseStation.Segment[Protocol_Simulator/Segment0]: State = StateKeepConnection, At = 00:00:25.1008298 entered.";;;;;"2017-08-06T15:49:11.7521932Z";;
"CAS.Lib.CommServer";Verbose;37;"CAS.CommServer.ProtocolHub.Communication.BaseStation.Segment[Protocol_Simulator/Segment0]: State = StateConnected, At = 00:00:25.2145954 entered.";;;;;"2017-08-06T15:49:11.8662046Z";;
"CAS.Lib.CommServer";Verbose;37;"CAS.CommServer.ProtocolHub.Communication.BaseStation.Segment[Protocol_Simulator/Segment0]: State = StateDisconnected, At = 00:00:26.1140235 entered.";;;;;"2017-08-06T15:49:12.7652945Z";;
"TraceNet_to_Serial";Verbose;98;"Not set: 1ConnectReq: Attempt to connect to: 192.168.0.1:2101";;;;;"2017-08-06T15:49:12.7652945Z";;
"TraceNet_to_Serial";Verbose;100;"Not set: 1ConnectReq: connected to: 192.168.0.1:2101";;;;;"2017-08-06T15:49:12.7652945Z";;
"CAS.Lib.CommServer";Verbose;37;"CAS.CommServer.ProtocolHub.Communication.BaseStation.Segment[Protocol_Simulator2/Segment0]: State = StateKeepConnection, At = 00:00:26.1141689 entered.";;;;;"2017-08-06T15:49:12.7652945Z";;
"CAS.Lib.CommServer";Verbose;37;"CAS.CommServer.ProtocolHub.Communication.BaseStation.Segment[Protocol_Simulator2/Segment0]: State = StateConnected, At = 00:00:26.2286506 entered.";;;;;"2017-08-06T15:49:12.8803060Z";;
"CAS.Lib.CommServer";Verbose;37;"CAS.CommServer.ProtocolHub.Communication.BaseStation.Segment[Protocol_Simulator2/Segment0]: State = StateDisconnected, At = 00:00:27.1157665 entered.";;;;;"2017-08-06T15:49:13.7673947Z";;
"TraceNet_to_Serial";Verbose;98;"Not set: 0ConnectReq: Attempt to connect to: no address";;;;;"2017-08-06T15:49:13.7673947Z";;
"TraceNet_to_Serial";Verbose;100;"Not set: 0ConnectReq: connected to: no address";;;;;"2017-08-06T15:49:13.7673947Z";;
"CAS.Lib.CommServer";Verbose;37;"CAS.CommServer.ProtocolHub.Communication.BaseStation.Segment[Protocol_Simulator/Segment0]: State = StateKeepConnection, At = 00:00:27.1159102 entered.";;;;;"2017-08-06T15:49:13.7673947Z";;
"CAS.Lib.CommServer";Information;116;"CAS.CommServer.ProtocolHub.Communication.BaseStation.Segment[Protocol_Simulator/Segment0]: AL_ReadData_Result.ALRes_DatTransferErrr occurred during myMachine.myProtocol.ReadData in SegmentStateMachine (interface: number 0 address 0), At = 00:00:27.1226884";;;;;"2017-08-06T15:49:13.7743954Z";;
"CAS.Lib.CommServer";Verbose;37;"CAS.CommServer.ProtocolHub.Communication.BaseStation.Segment[Protocol_Simulator/Segment0]: State = StateConnected, At = 00:00:27.2604215 entered.";;;;;"2017-08-06T15:49:13.9114091Z";;
"CAS.Lib.CommServer";Verbose;37;"CAS.CommServer.ProtocolHub.Communication.BaseStation.Segment[Protocol_Simulator/Segment0]: State = StateDisconnected, At = 00:00:28.1358287 entered.";;;;;"2017-08-06T15:49:14.7874967Z";;
"TraceNet_to_Serial";Verbose;98;"Not set: 1ConnectReq: Attempt to connect to: 192.168.0.1:2101";;;;;"2017-08-06T15:49:14.7874967Z";;
"TraceNet_to_Serial";Verbose;100;"Not set: 1ConnectReq: connected to: 192.168.0.1:2101";;;;;"2017-08-06T15:49:14.7874967Z";;
"CAS.Lib.CommServer";Verbose;37;"CAS.CommServer.ProtocolHub.Communication.BaseStation.Segment[Protocol_Simulator2/Segment0]: State = StateKeepConnection, At = 00:00:28.1359784 entered.";;;;;"2017-08-06T15:49:14.7874967Z";;
"CAS.Lib.CommServer";Verbose;37;"CAS.CommServer.ProtocolHub.Communication.BaseStation.Segment[Protocol_Simulator2/Segment0]: State = StateConnected, At = 00:00:28.2392570 entered.";;;;;"2017-08-06T15:49:14.8905070Z";;
"CAS.Lib.CommServer";Verbose;37;"CAS.CommServer.ProtocolHub.Communication.BaseStation.Segment[Protocol_Simulator2/Segment0]: State = StateDisconnected, At = 00:00:29.1559076 entered.";;;;;"2017-08-06T15:49:15.8075987Z";;
"TraceNet_to_Serial";Verbose;98;"Not set: 0ConnectReq: Attempt to connect to: no address";;;;;"2017-08-06T15:49:15.8075987Z";;
"TraceNet_to_Serial";Verbose;100;"Not set: 0ConnectReq: connected to: no address";;;;;"2017-08-06T15:49:15.8075987Z";;
"CAS.Lib.CommServer";Verbose;37;"CAS.CommServer.ProtocolHub.Communication.BaseStation.Segment[Protocol_Simulator/Segment0]: State = StateKeepConnection, At = 00:00:29.1560462 entered.";;;;;"2017-08-06T15:49:15.8075987Z";;
"CAS.Lib.CommServer";Verbose;37;"CAS.CommServer.ProtocolHub.Communication.BaseStation.Segment[Protocol_Simulator/Segment0]: State = StateConnected, At = 00:00:29.2713521 entered.";;;;;"2017-08-06T15:49:15.9226102Z";;
"CAS.Lib.CommServer";Verbose;37;"CAS.CommServer.ProtocolHub.Communication.BaseStation.Segment[Protocol_Simulator/Segment0]: State = StateDisconnected, At = 00:00:30.1639155 entered.";;;;;"2017-08-06T15:49:16.8156995Z";;
"TraceNet_to_Serial";Verbose;98;"Not set: 1ConnectReq: Attempt to connect to: 192.168.0.1:2101";;;;;"2017-08-06T15:49:16.8156995Z";;
"TraceNet_to_Serial";Verbose;100;"Not set: 1ConnectReq: connected to: 192.168.0.1:2101";;;;;"2017-08-06T15:49:16.8156995Z";;
"CAS.Lib.CommServer";Verbose;37;"CAS.CommServer.ProtocolHub.Communication.BaseStation.Segment[Protocol_Simulator2/Segment0]: State = StateKeepConnection, At = 00:00:30.1640558 entered.";;;;;"2017-08-06T15:49:16.8156995Z";;
"CAS.Lib.CommServer";Verbose;37;"CAS.CommServer.ProtocolHub.Communication.BaseStation.Segment[Protocol_Simulator2/Segment0]: State = StateConnected, At = 00:00:30.2648720 entered.";;;;;"2017-08-06T15:49:16.9167096Z";;
"CAS.Lib.CommServer";Verbose;37;"CAS.CommServer.ProtocolHub.Communication.BaseStation.Segment[Protocol_Simulator2/Segment0]: State = StateDisconnected, At = 00:00:31.1724902 entered.";;;;;"2017-08-06T15:49:17.8238003Z";;
"TraceNet_to_Serial";Verbose;98;"Not set: 0ConnectReq: Attempt to connect to: no address";;;;;"2017-08-06T15:49:17.8238003Z";;
"TraceNet_to_Serial";Verbose;100;"Not set: 0ConnectReq: connected to: no address";;;;;"2017-08-06T15:49:17.8238003Z";;
"CAS.Lib.CommServer";Verbose;37;"CAS.CommServer.ProtocolHub.Communication.BaseStation.Segment[Protocol_Simulator/Segment0]: State = StateKeepConnection, At = 00:00:31.1726429 entered.";;;;;"2017-08-06T15:49:17.8238003Z";;
"CAS.Lib.CommServer";Verbose;37;"CAS.CommServer.ProtocolHub.Communication.BaseStation.Segment[Protocol_Simulator/Segment0]: State = StateConnected, At = 00:00:31.3440472 entered.";;;;;"2017-08-06T15:49:17.9958175Z";;
"CAS.Lib.CommServer";Verbose;37;"CAS.CommServer.ProtocolHub.Communication.BaseStation.Segment[Protocol_Simulator/Segment0]: State = StateDisconnected, At = 00:00:32.1970594 entered.";;;;;"2017-08-06T15:49:18.8489028Z";;
"TraceNet_to_Serial";Verbose;98;"Not set: 1ConnectReq: Attempt to connect to: 192.168.0.1:2101";;;;;"2017-08-06T15:49:18.8489028Z";;
"TraceNet_to_Serial";Verbose;100;"Not set: 1ConnectReq: connected to: 192.168.0.1:2101";;;;;"2017-08-06T15:49:18.8489028Z";;
"CAS.Lib.CommServer";Verbose;37;"CAS.CommServer.ProtocolHub.Communication.BaseStation.Segment[Protocol_Simulator2/Segment0]: State = StateKeepConnection, At = 00:00:32.1972070 entered.";;;;;"2017-08-06T15:49:18.8489028Z";;
"CAS.Lib.CommServer";Verbose;37;"CAS.CommServer.ProtocolHub.Communication.BaseStation.Segment[Protocol_Simulator2/Segment0]: State = StateConnected, At = 00:00:32.3070076 entered.";;;;;"2017-08-06T15:49:18.9589138Z";;
"CAS.Lib.CommServer";Verbose;37;"CAS.CommServer.ProtocolHub.Communication.BaseStation.Segment[Protocol_Simulator2/Segment0]: State = StateDisconnected, At = 00:00:33.2123135 entered.";;;;;"2017-08-06T15:49:19.8640043Z";;
"TraceNet_to_Serial";Verbose;98;"Not set: 0ConnectReq: Attempt to connect to: no address";;;;;"2017-08-06T15:49:19.8640043Z";;
"TraceNet_to_Serial";Verbose;100;"Not set: 0ConnectReq: connected to: no address";;;;;"2017-08-06T15:49:19.8640043Z";;
"CAS.Lib.CommServer";Verbose;37;"CAS.CommServer.ProtocolHub.Communication.BaseStation.Segment[Protocol_Simulator/Segment0]: State = StateKeepConnection, At = 00:00:33.2124568 entered.";;;;;"2017-08-06T15:49:19.8640043Z";;
"CAS.Lib.CommServer";Verbose;37;"CAS.CommServer.ProtocolHub.Communication.BaseStation.Segment[Protocol_Simulator/Segment0]: State = StateConnected, At = 00:00:33.3260471 entered.";;;;;"2017-08-06T15:49:19.9780157Z";;
"CAS.Lib.CommServer";Verbose;37;"CAS.CommServer.ProtocolHub.Communication.BaseStation.Segment[Protocol_Simulator/Segment0]: State = StateDisconnected, At = 00:00:34.2281527 entered.";;;;;"2017-08-06T15:49:20.8801059Z";;
"TraceNet_to_Serial";Verbose;98;"Not set: 1ConnectReq: Attempt to connect to: 192.168.0.1:2101";;;;;"2017-08-06T15:49:20.8801059Z";;
"TraceNet_to_Serial";Verbose;100;"Not set: 1ConnectReq: connected to: 192.168.0.1:2101";;;;;"2017-08-06T15:49:20.8801059Z";;
"CAS.Lib.CommServer";Verbose;37;"CAS.CommServer.ProtocolHub.Communication.BaseStation.Segment[Protocol_Simulator2/Segment0]: State = StateKeepConnection, At = 00:00:34.2283003 entered.";;;;;"2017-08-06T15:49:20.8801059Z";;
"CAS.Lib.CommServer";Verbose;37;"CAS.CommServer.ProtocolHub.Communication.BaseStation.Segment[Protocol_Simulator2/Segment0]: State = StateConnected, At = 00:00:34.3363087 entered.";;;;;"2017-08-06T15:49:20.9881167Z";;
"CAS.Lib.CommServer";Verbose;37;"CAS.CommServer.ProtocolHub.Communication.BaseStation.Segment[Protocol_Simulator2/Segment0]: State = StateDisconnected, At = 00:00:35.2409243 entered.";;;;;"2017-08-06T15:49:21.8922071Z";;
"TraceNet_to_Serial";Verbose;98;"Not set: 0ConnectReq: Attempt to connect to: no address";;;;;"2017-08-06T15:49:21.8922071Z";;
"TraceNet_to_Serial";Verbose;100;"Not set: 0ConnectReq: connected to: no address";;;;;"2017-08-06T15:49:21.8922071Z";;
"CAS.Lib.CommServer";Verbose;37;"CAS.CommServer.ProtocolHub.Communication.BaseStation.Segment[Protocol_Simulator/Segment0]: State = StateKeepConnection, At = 00:00:35.2410684 entered.";;;;;"2017-08-06T15:49:21.8922071Z";;
"CAS.Lib.CommServer";Verbose;37;"CAS.CommServer.ProtocolHub.Communication.BaseStation.Segment[Protocol_Simulator/Segment0]: State = StateConnected, At = 00:00:35.3541921 entered.";;;;;"2017-08-06T15:49:22.0062185Z";;
"CAS.Lib.CommServer";Verbose;37;"CAS.CommServer.ProtocolHub.Communication.BaseStation.Segment[Protocol_Simulator/Segment0]: State = StateDisconnected, At = 00:00:36.2792668 entered.";;;;;"2017-08-06T15:49:22.9313110Z";;
"TraceNet_to_Serial";Verbose;98;"Not set: 1ConnectReq: Attempt to connect to: 192.168.0.1:2101";;;;;"2017-08-06T15:49:22.9313110Z";;
"TraceNet_to_Serial";Verbose;100;"Not set: 1ConnectReq: connected to: 192.168.0.1:2101";;;;;"2017-08-06T15:49:22.9313110Z";;
"CAS.Lib.CommServer";Verbose;37;"CAS.CommServer.ProtocolHub.Communication.BaseStation.Segment[Protocol_Simulator2/Segment0]: State = StateKeepConnection, At = 00:00:36.2793968 entered.";;;;;"2017-08-06T15:49:22.9313110Z";;
"CAS.Lib.CommServer";Verbose;37;"CAS.CommServer.ProtocolHub.Communication.BaseStation.Segment[Protocol_Simulator2/Segment0]: State = StateConnected, At = 00:00:36.3822271 entered.";;;;;"2017-08-06T15:49:23.0343213Z";;
"CAS.Lib.CommServer";Verbose;37;"CAS.CommServer.ProtocolHub.Communication.BaseStation.Segment[Protocol_Simulator2/Segment0]: State = StateDisconnected, At = 00:00:37.2983734 entered.";;;;;"2017-08-06T15:49:23.9504129Z";;
"TraceNet_to_Serial";Verbose;98;"Not set: 0ConnectReq: Attempt to connect to: no address";;;;;"2017-08-06T15:49:23.9504129Z";;
"TraceNet_to_Serial";Verbose;100;"Not set: 0ConnectReq: connected to: no address";;;;;"2017-08-06T15:49:23.9504129Z";;
"CAS.Lib.CommServer";Verbose;37;"CAS.CommServer.ProtocolHub.Communication.BaseStation.Segment[Protocol_Simulator/Segment0]: State = StateKeepConnection, At = 00:00:37.2985236 entered.";;;;;"2017-08-06T15:49:23.9504129Z";;
"CAS.Lib.CommServer";Verbose;37;"CAS.CommServer.ProtocolHub.Communication.BaseStation.Segment[Protocol_Simulator/Segment0]: State = StateConnected, At = 00:00:37.4075170 entered.";;;;;"2017-08-06T15:49:24.0594238Z";;
"CAS.Lib.CommServer";Verbose;37;"CAS.CommServer.ProtocolHub.Communication.BaseStation.Segment[Protocol_Simulator/Segment0]: State = StateDisconnected, At = 00:00:38.3294146 entered.";;;;;"2017-08-06T15:49:24.9815160Z";;
"TraceNet_to_Serial";Verbose;98;"Not set: 1ConnectReq: Attempt to connect to: 192.168.0.1:2101";;;;;"2017-08-06T15:49:24.9815160Z";;
"TraceNet_to_Serial";Verbose;100;"Not set: 1ConnectReq: connected to: 192.168.0.1:2101";;;;;"2017-08-06T15:49:24.9815160Z";;
"CAS.Lib.CommServer";Verbose;37;"CAS.CommServer.ProtocolHub.Communication.BaseStation.Segment[Protocol_Simulator2/Segment0]: State = StateKeepConnection, At = 00:00:38.3295574 entered.";;;;;"2017-08-06T15:49:24.9815160Z";;
"CAS.Lib.CommServer";Verbose;37;"CAS.CommServer.ProtocolHub.Communication.BaseStation.Segment[Protocol_Simulator2/Segment0]: State = StateConnected, At = 00:00:38.4393572 entered.";;;;;"2017-08-06T15:49:25.0915270Z";;
"CAS.Lib.CommServer";Verbose;37;"CAS.CommServer.ProtocolHub.Communication.BaseStation.Segment[Protocol_Simulator2/Segment0]: State = StateDisconnected, At = 00:00:39.3614942 entered.";;;;;"2017-08-06T15:49:26.0136192Z";;
"TraceNet_to_Serial";Verbose;98;"Not set: 0ConnectReq: Attempt to connect to: no address";;;;;"2017-08-06T15:49:26.0136192Z";;
"TraceNet_to_Serial";Verbose;100;"Not set: 0ConnectReq: connected to: no address";;;;;"2017-08-06T15:49:26.0136192Z";;
"CAS.Lib.CommServer";Verbose;37;"CAS.CommServer.ProtocolHub.Communication.BaseStation.Segment[Protocol_Simulator/Segment0]: State = StateKeepConnection, At = 00:00:39.3616392 entered.";;;;;"2017-08-06T15:49:26.0136192Z";;
"CAS.Lib.CommServer";Verbose;37;"CAS.CommServer.ProtocolHub.Communication.BaseStation.Segment[Protocol_Simulator/Segment0]: State = StateConnected, At = 00:00:39.4714013 entered.";;;;;"2017-08-06T15:49:26.1236302Z";;
"CAS.Lib.CommServer";Information;116;"CAS.CommServer.ProtocolHub.Communication.BaseStation.Segment[Protocol_Simulator/Segment0]: AL_ReadData_Result.ALRes_DatTransferErrr occurred during myMachine.myProtocol.ReadData in SegmentStateMachine (interface: number 0 address 0), At = 00:00:40.3944568";;;;;"2017-08-06T15:49:27.0467225Z";;
"CAS.Lib.CommServer";Verbose;37;"CAS.CommServer.ProtocolHub.Communication.BaseStation.Segment[Protocol_Simulator/Segment0]: State = StateDisconnected, At = 00:00:40.3945829 entered.";;;;;"2017-08-06T15:49:27.0467225Z";;
"TraceNet_to_Serial";Verbose;98;"Not set: 1ConnectReq: Attempt to connect to: 192.168.0.1:2101";;;;;"2017-08-06T15:49:27.0467225Z";;
"TraceNet_to_Serial";Verbose;100;"Not set: 1ConnectReq: connected to: 192.168.0.1:2101";;;;;"2017-08-06T15:49:27.0467225Z";;
"CAS.Lib.CommServer";Verbose;37;"CAS.CommServer.ProtocolHub.Communication.BaseStation.Segment[Protocol_Simulator2/Segment0]: State = StateKeepConnection, At = 00:00:40.3946805 entered.";;;;;"2017-08-06T15:49:27.0467225Z";;
"CAS.Lib.CommServer";Verbose;37;"CAS.CommServer.ProtocolHub.Communication.BaseStation.Segment[Protocol_Simulator2/Segment0]: State = StateConnected, At = 00:00:40.5024716 entered.";;;;;"2017-08-06T15:49:27.1547333Z";;
"CAS.Lib.CommServer";Verbose;37;"CAS.CommServer.ProtocolHub.Communication.BaseStation.Segment[Protocol_Simulator2/Segment0]: State = StateDisconnected, At = 00:00:41.3896012 entered.";;;;;"2017-08-06T15:49:28.0418220Z";;
"TraceNet_to_Serial";Verbose;98;"Not set: 0ConnectReq: Attempt to connect to: no address";;;;;"2017-08-06T15:49:28.0418220Z";;
"TraceNet_to_Serial";Verbose;100;"Not set: 0ConnectReq: connected to: no address";;;;;"2017-08-06T15:49:28.0418220Z";;
"CAS.Lib.CommServer";Verbose;37;"CAS.CommServer.ProtocolHub.Communication.BaseStation.Segment[Protocol_Simulator/Segment0]: State = StateKeepConnection, At = 00:00:41.3897513 entered.";;;;;"2017-08-06T15:49:28.0418220Z";;
"CAS.Lib.CommServer";Verbose;37;"CAS.CommServer.ProtocolHub.Communication.BaseStation.Segment[Protocol_Simulator/Segment0]: State = StateConnected, At = 00:00:41.4999463 entered.";;;;;"2017-08-06T15:49:28.1518330Z";;
"CAS.Lib.CommServer";Verbose;37;"CAS.CommServer.ProtocolHub.Communication.BaseStation.Segment[Protocol_Simulator/Segment0]: State = StateDisconnected, At = 00:00:42.4286212 entered.";;;;;"2017-08-06T15:49:29.0809259Z";;
"TraceNet_to_Serial";Verbose;98;"Not set: 1ConnectReq: Attempt to connect to: 192.168.0.1:2101";;;;;"2017-08-06T15:49:29.0809259Z";;
"TraceNet_to_Serial";Verbose;100;"Not set: 1ConnectReq: connected to: 192.168.0.1:2101";;;;;"2017-08-06T15:49:29.0809259Z";;
"CAS.Lib.CommServer";Verbose;37;"CAS.CommServer.ProtocolHub.Communication.BaseStation.Segment[Protocol_Simulator2/Segment0]: State = StateKeepConnection, At = 00:00:42.4287649 entered.";;;;;"2017-08-06T15:49:29.0809259Z";;
"CAS.Lib.CommServer";Verbose;37;"CAS.CommServer.ProtocolHub.Communication.BaseStation.Segment[Protocol_Simulator2/Segment0]: State = StateConnected, At = 00:00:42.5297586 entered.";;;;;"2017-08-06T15:49:29.1819360Z";;
"CAS.Lib.CommServer";Verbose;37;"CAS.CommServer.ProtocolHub.Communication.BaseStation.Segment[Protocol_Simulator2/Segment0]: State = StateDisconnected, At = 00:00:43.4347510 entered.";;;;;"2017-08-06T15:49:30.0870265Z";;
"TraceNet_to_Serial";Verbose;98;"Not set: 0ConnectReq: Attempt to connect to: no address";;;;;"2017-08-06T15:49:30.0870265Z";;
"TraceNet_to_Serial";Verbose;100;"Not set: 0ConnectReq: connected to: no address";;;;;"2017-08-06T15:49:30.0870265Z";;
"CAS.Lib.CommServer";Verbose;37;"CAS.CommServer.ProtocolHub.Communication.BaseStation.Segment[Protocol_Simulator/Segment0]: State = StateKeepConnection, At = 00:00:43.4348972 entered.";;;;;"2017-08-06T15:49:30.0870265Z";;
"CAS.Lib.CommServer";Verbose;37;"CAS.CommServer.ProtocolHub.Communication.BaseStation.Segment[Protocol_Simulator/Segment0]: State = StateConnected, At = 00:00:43.5436627 entered.";;;;;"2017-08-06T15:49:30.1960374Z";;
"CAS.Lib.CommServer";Verbose;37;"CAS.CommServer.ProtocolHub.Communication.BaseStation.Segment[Protocol_Simulator/Segment0]: State = StateDisconnected, At = 00:00:44.4687306 entered.";;;;;"2017-08-06T15:49:31.1211299Z";;
"TraceNet_to_Serial";Verbose;98;"Not set: 1ConnectReq: Attempt to connect to: 192.168.0.1:2101";;;;;"2017-08-06T15:49:31.1211299Z";;
"TraceNet_to_Serial";Verbose;100;"Not set: 1ConnectReq: connected to: 192.168.0.1:2101";;;;;"2017-08-06T15:49:31.1211299Z";;
"CAS.Lib.CommServer";Verbose;37;"CAS.CommServer.ProtocolHub.Communication.BaseStation.Segment[Protocol_Simulator2/Segment0]: State = StateKeepConnection, At = 00:00:44.4688645 entered.";;;;;"2017-08-06T15:49:31.1211299Z";;
"CAS.Lib.CommServer";Verbose;37;"CAS.CommServer.ProtocolHub.Communication.BaseStation.Segment[Protocol_Simulator2/Segment0]: State = StateConnected, At = 00:00:44.5706991 entered.";;;;;"2017-08-06T15:49:31.2231401Z";;
